c:\users\duboismx\documents\github\lightscattering\bin\debug\win32\vc140.pdb
c:\users\duboismx\documents\github\lightscattering\bin\debug\win32\vc140.idb
c:\users\duboismx\documents\github\lightscattering\bin\debug\win32\defaultshader.obj
c:\users\duboismx\documents\github\lightscattering\bin\debug\win32\rendertechnique.obj
c:\users\duboismx\documents\github\lightscattering\bin\debug\win32\lightsctrpostprocess.obj
c:\users\duboismx\documents\github\lightscattering\bin\debug\win32\lightscattering.obj
c:\users\duboismx\documents\github\lightscattering\bin\debug\win32\lightscatteringsample.ilk
c:\users\duboismx\documents\github\lightscattering\bin\debug\win32\lightscatteringsample.exe
c:\users\duboismx\documents\github\lightscattering\bin\debug\win32\lightscatteringsample.pdb
c:\users\duboismx\documents\github\lightscattering\bin\debug\win32\lightscattering_2010.res
c:\users\duboismx\documents\github\lightscattering\bin\debug\win32\lightscattering_2010.vcxprojresolveassemblyreference.cache
c:\users\duboismx\documents\github\lightscattering\bin\debug\win32\lightsca.168ecb7c.tlog\cl.command.1.tlog
c:\users\duboismx\documents\github\lightscattering\bin\debug\win32\lightsca.168ecb7c.tlog\cl.read.1.tlog
c:\users\duboismx\documents\github\lightscattering\bin\debug\win32\lightsca.168ecb7c.tlog\cl.write.1.tlog
c:\users\duboismx\documents\github\lightscattering\bin\debug\win32\lightsca.168ecb7c.tlog\link.command.1.tlog
c:\users\duboismx\documents\github\lightscattering\bin\debug\win32\lightsca.168ecb7c.tlog\link.read.1.tlog
c:\users\duboismx\documents\github\lightscattering\bin\debug\win32\lightsca.168ecb7c.tlog\link.write.1.tlog
c:\users\duboismx\documents\github\lightscattering\bin\debug\win32\lightsca.168ecb7c.tlog\rc.command.1.tlog
c:\users\duboismx\documents\github\lightscattering\bin\debug\win32\lightsca.168ecb7c.tlog\rc.read.1.tlog
c:\users\duboismx\documents\github\lightscattering\bin\debug\win32\lightsca.168ecb7c.tlog\rc.write.1.tlog
