c:\users\duboismx\documents\github\lightscattering\cput\bin\debug\win32\vc140.pdb
c:\users\duboismx\documents\github\lightscattering\cput\bin\debug\win32\vc140.idb
c:\users\duboismx\documents\github\lightscattering\cput\bin\debug\win32\cputpostprocess.obj
c:\users\duboismx\documents\github\lightscattering\cput\bin\debug\win32\cputrendernode.obj
c:\users\duboismx\documents\github\lightscattering\cput\bin\debug\win32\cputrenderstateblock.obj
c:\users\duboismx\documents\github\lightscattering\cput\bin\debug\win32\cputrenderstateblockdx11.obj
c:\users\duboismx\documents\github\lightscattering\cput\bin\debug\win32\cputosserviceswin.obj
c:\users\duboismx\documents\github\lightscattering\cput\bin\debug\win32\cputcamera.obj
c:\users\duboismx\documents\github\lightscattering\cput\bin\debug\win32\cputlight.obj
c:\users\duboismx\documents\github\lightscattering\cput\bin\debug\win32\cputrendertarget.obj
c:\users\duboismx\documents\github\lightscattering\cput\bin\debug\win32\cputshaderdx11.obj
c:\users\duboismx\documents\github\lightscattering\cput\bin\debug\win32\cputslider.obj
c:\users\duboismx\documents\github\lightscattering\cput\bin\debug\win32\cputsprite.obj
c:\users\duboismx\documents\github\lightscattering\cput\bin\debug\win32\cputtext.obj
c:\users\duboismx\documents\github\lightscattering\cput\bin\debug\win32\cputtexture.obj
c:\users\duboismx\documents\github\lightscattering\cput\bin\debug\win32\cputtexturedx11.obj
c:\users\duboismx\documents\github\lightscattering\cput\bin\debug\win32\cputtimerwin.obj
c:\users\duboismx\documents\github\lightscattering\cput\bin\debug\win32\cputinputlayoutcachedx11.obj
c:\users\duboismx\documents\github\lightscattering\cput\bin\debug\win32\cputmesh.obj
c:\users\duboismx\documents\github\lightscattering\cput\bin\debug\win32\cputvertexshaderdx11.obj
c:\users\duboismx\documents\github\lightscattering\cput\bin\debug\win32\cput_dx11.obj
c:\users\duboismx\documents\github\lightscattering\cput\bin\debug\win32\cputwindowwin.obj
c:\users\duboismx\documents\github\lightscattering\cput\bin\debug\win32\cputcontrol.obj
c:\users\duboismx\documents\github\lightscattering\cput\bin\debug\win32\cputdomainshaderdx11.obj
c:\users\duboismx\documents\github\lightscattering\cput\bin\debug\win32\cputdropdown.obj
c:\users\duboismx\documents\github\lightscattering\cput\bin\debug\win32\cputfont.obj
c:\users\duboismx\documents\github\lightscattering\cput\bin\debug\win32\cputfontdx11.obj
c:\users\duboismx\documents\github\lightscattering\cput\bin\debug\win32\cputfrustum.obj
c:\users\duboismx\documents\github\lightscattering\cput\bin\debug\win32\cputgeometryshaderdx11.obj
c:\users\duboismx\documents\github\lightscattering\cput\bin\debug\win32\cputguicontroller.obj
c:\users\duboismx\documents\github\lightscattering\cput\bin\debug\win32\cputguicontrollerdx11.obj
c:\users\duboismx\documents\github\lightscattering\cput\bin\debug\win32\cputhullshaderdx11.obj
c:\users\duboismx\documents\github\lightscattering\cput\bin\debug\win32\cputitttaskmarker.obj
c:\users\duboismx\documents\github\lightscattering\cput\bin\debug\win32\cputmaterial.obj
c:\users\duboismx\documents\github\lightscattering\cput\bin\debug\win32\cputmaterialdx11.obj
c:\users\duboismx\documents\github\lightscattering\cput\bin\debug\win32\cputmeshdx11.obj
c:\users\duboismx\documents\github\lightscattering\cput\bin\debug\win32\cputmodel.obj
c:\users\duboismx\documents\github\lightscattering\cput\bin\debug\win32\cputmodeldx11.obj
c:\users\duboismx\documents\github\lightscattering\cput\bin\debug\win32\cputnullnode.obj
c:\users\duboismx\documents\github\lightscattering\cput\bin\debug\win32\cputconfigblock.obj
c:\users\duboismx\documents\github\lightscattering\cput\bin\debug\win32\cputperftaskmarker.obj
c:\users\duboismx\documents\github\lightscattering\cput\bin\debug\win32\cputpixelshaderdx11.obj
c:\users\duboismx\documents\github\lightscattering\cput\bin\debug\win32\cputassetlibrary.obj
c:\users\duboismx\documents\github\lightscattering\cput\bin\debug\win32\cputassetlibrarydx11.obj
c:\users\duboismx\documents\github\lightscattering\cput\bin\debug\win32\cputassetset.obj
c:\users\duboismx\documents\github\lightscattering\cput\bin\debug\win32\cputassetsetdx11.obj
c:\users\duboismx\documents\github\lightscattering\cput\bin\debug\win32\cputbuffer.obj
c:\users\duboismx\documents\github\lightscattering\cput\bin\debug\win32\cputbufferdx11.obj
c:\users\duboismx\documents\github\lightscattering\cput\bin\debug\win32\cputbutton.obj
c:\users\duboismx\documents\github\lightscattering\cput\bin\debug\win32\cputcheckbox.obj
c:\users\duboismx\documents\github\lightscattering\cput\bin\debug\win32\cputcomputeshaderdx11.obj
c:\users\duboismx\documents\github\lightscattering\bin\lib\cput-dx11_32d.lib
c:\users\duboismx\documents\github\lightscattering\cput\bin\debug\win32\cput-dx11.tlog\cl.command.1.tlog
c:\users\duboismx\documents\github\lightscattering\cput\bin\debug\win32\cput-dx11.tlog\cl.read.1.tlog
c:\users\duboismx\documents\github\lightscattering\cput\bin\debug\win32\cput-dx11.tlog\cl.write.1.tlog
c:\users\duboismx\documents\github\lightscattering\cput\bin\debug\win32\cput-dx11.tlog\lib-link.write.1.tlog
c:\users\duboismx\documents\github\lightscattering\cput\bin\debug\win32\cput-dx11.tlog\lib.command.1.tlog
c:\users\duboismx\documents\github\lightscattering\cput\bin\debug\win32\cput-dx11.tlog\lib.read.1.tlog
